0 verbose cli /usr/bin/node /usr/bin/npm
1 info using npm@11.0.0
2 info using node@v23.4.0
3 silly config load:file:/usr/lib/node_modules/npm/npmrc
4 silly config load:file:/home/angelo/Downloads/GitHub/mpvpaperWallpaperUI/.npmrc
5 silly config load:file:/home/angelo/.npmrc
6 silly config load:file:/etc/npmrc
7 verbose title npm audit fix
8 verbose argv "audit" "fix"
9 verbose logfile logs-max:10 dir:/home/angelo/.npm/_logs/2025-01-03T15_39_44_413Z-
10 verbose logfile /home/angelo/.npm/_logs/2025-01-03T15_39_44_413Z-debug-0.log
11 silly logfile done cleaning log files
12 silly packumentCache heap:2197815296 maxSize:549453824 maxEntrySize:274726912
13 silly audit bulk request {
13 silly audit   '@derhuerst/http-basic': [ '8.2.4' ],
13 silly audit   '@electron-forge/cli': [ '7.4.0' ],
13 silly audit   commander: [ '4.1.1', '5.1.0', '9.5.0' ],
13 silly audit   'fs-extra': [ '10.1.0', '9.1.0', '8.1.0', '7.0.1', '11.2.0' ],
13 silly audit   '@electron-forge/core': [ '7.4.0' ],
13 silly audit   '@electron-forge/core-utils': [ '7.4.0' ],
13 silly audit   'find-up': [ '5.0.0', '2.1.0', '4.1.0' ],
13 silly audit   'locate-path': [ '6.0.0', '2.0.0', '5.0.0' ],
13 silly audit   'p-locate': [ '5.0.0', '2.0.0', '4.1.0' ],
13 silly audit   'path-exists': [ '4.0.0', '3.0.0' ],
13 silly audit   '@electron-forge/maker-base': [ '7.4.0' ],
13 silly audit   '@electron-forge/maker-deb': [ '7.4.0' ],
13 silly audit   '@electron-forge/maker-rpm': [ '7.4.0' ],
13 silly audit   '@electron-forge/maker-squirrel': [ '7.4.0' ],
13 silly audit   '@electron-forge/maker-zip': [ '7.4.0' ],
13 silly audit   '@electron-forge/plugin-auto-unpack-natives': [ '7.4.0' ],
13 silly audit   '@electron-forge/plugin-base': [ '7.4.0' ],
13 silly audit   '@electron-forge/plugin-fuses': [ '7.4.0' ],
13 silly audit   '@electron-forge/publisher-base': [ '7.4.0' ],
13 silly audit   '@electron-forge/shared-types': [ '7.4.0' ],
13 silly audit   '@electron-forge/template-base': [ '7.4.0' ],
13 silly audit   '@electron-forge/template-vite': [ '7.4.0' ],
13 silly audit   '@electron-forge/template-vite-typescript': [ '7.4.0' ],
13 silly audit   '@electron-forge/template-webpack': [ '7.4.0' ],
13 silly audit   '@electron-forge/template-webpack-typescript': [ '7.4.0' ],
13 silly audit   '@electron-forge/tracer': [ '7.4.0' ],
13 silly audit   '@electron/asar': [ '3.2.10' ],
13 silly audit   '@electron/fuses': [ '1.8.0' ],
13 silly audit   '@electron/get': [ '3.0.0', '2.0.3' ],
13 silly audit   jsonfile: [ '4.0.0', '6.1.0' ],
13 silly audit   semver: [ '6.3.1', '5.7.2', '7.6.2' ],
13 silly audit   universalify: [ '0.1.2', '2.0.1' ],
13 silly audit   '@electron/notarize': [ '2.3.2' ],
13 silly audit   '@electron/osx-sign': [ '1.3.0' ],
13 silly audit   '@electron/packager': [ '18.3.2' ],
13 silly audit   '@electron/rebuild': [ '3.6.0' ],
13 silly audit   '@electron/universal': [ '2.0.1' ],
13 silly audit   'brace-expansion': [ '2.0.1', '1.1.11' ],
13 silly audit   minimatch: [ '9.0.4', '5.1.6', '3.1.2' ],
13 silly audit   '@electron/windows-sign': [ '1.1.2' ],
13 silly audit   '@gar/promisify': [ '1.1.3' ],
13 silly audit   '@malept/cross-spawn-promise': [ '2.0.0', '1.1.1' ],
13 silly audit   '@nodelib/fs.scandir': [ '2.1.5' ],
13 silly audit   '@nodelib/fs.stat': [ '2.0.5' ],
13 silly audit   '@nodelib/fs.walk': [ '1.2.8' ],
13 silly audit   '@npmcli/fs': [ '2.1.2' ],
13 silly audit   '@npmcli/move-file': [ '2.0.1' ],
13 silly audit   '@sindresorhus/is': [ '4.6.0' ],
13 silly audit   '@szmarczak/http-timer': [ '4.0.6' ],
13 silly audit   '@tootallnate/once': [ '2.0.0' ],
13 silly audit   '@types/cacheable-request': [ '6.0.3' ],
13 silly audit   '@types/fs-extra': [ '9.0.13' ],
13 silly audit   '@types/glob': [ '7.2.0' ],
13 silly audit   '@types/http-cache-semantics': [ '4.0.4' ],
13 silly audit   '@types/keyv': [ '3.1.4' ],
13 silly audit   '@types/minimatch': [ '5.1.2' ],
13 silly audit   '@types/node': [ '20.14.2', '10.17.60' ],
13 silly audit   '@types/responselike': [ '1.0.3' ],
13 silly audit   '@types/yauzl': [ '2.10.3' ],
13 silly audit   '@xmldom/xmldom': [ '0.8.10' ],
13 silly audit   abbrev: [ '1.1.1' ],
13 silly audit   'agent-base': [ '6.0.2' ],
13 silly audit   agentkeepalive: [ '4.5.0' ],
13 silly audit   'aggregate-error': [ '3.1.0' ],
13 silly audit   ajv: [ '8.16.0' ],
13 silly audit   'ajv-formats': [ '2.1.1' ],
13 silly audit   'ansi-escapes': [ '5.0.0' ],
13 silly audit   'ansi-regex': [ '6.0.1', '5.0.1' ],
13 silly audit   'ansi-styles': [ '4.3.0', '6.2.1' ],
13 silly audit   aproba: [ '2.0.0' ],
13 silly audit   'are-we-there-yet': [ '3.0.1' ],
13 silly audit   asar: [ '3.2.0' ],
13 silly audit   async: [ '0.2.10' ],
13 silly audit   'at-least-node': [ '1.0.0' ],
13 silly audit   atomically: [ '2.0.3' ],
13 silly audit   'author-regex': [ '1.0.0' ],
13 silly audit   'balanced-match': [ '1.0.2' ],
13 silly audit   'base64-js': [ '1.5.1' ],
13 silly audit   bl: [ '4.1.0' ],
13 silly audit   bluebird: [ '3.7.2' ],
13 silly audit   boolean: [ '3.2.0' ],
13 silly audit   braces: [ '3.0.3' ],
13 silly audit   buffer: [ '5.7.1' ],
13 silly audit   'buffer-crc32': [ '0.2.13' ],
13 silly audit   'buffer-from': [ '1.1.2' ],
13 silly audit   cacache: [ '16.1.3' ],
13 silly audit   glob: [ '8.1.0', '7.2.3' ],
13 silly audit   'cacheable-lookup': [ '5.0.4' ],
13 silly audit   'cacheable-request': [ '7.0.4' ],
13 silly audit   caseless: [ '0.12.0' ],
13 silly audit   chalk: [ '4.1.2' ],
13 silly audit   chownr: [ '2.0.0' ],
13 silly audit   'chrome-trace-event': [ '1.0.4' ],
13 silly audit   'chromium-pickle-js': [ '0.2.0' ],
13 silly audit   'clean-stack': [ '2.2.0' ],
13 silly audit   'cli-cursor': [ '4.0.0', '3.1.0' ],
13 silly audit   'cli-spinners': [ '2.9.2' ],
13 silly audit   'cli-truncate': [ '3.1.0' ],
13 silly audit   cliui: [ '8.0.1', '7.0.4' ],
13 silly audit   'emoji-regex': [ '8.0.0', '9.2.2' ],
13 silly audit   'is-fullwidth-code-point': [ '3.0.0', '4.0.0' ],
13 silly audit   'string-width': [ '4.2.3', '5.1.2' ],
13 silly audit   'strip-ansi': [ '6.0.1', '7.1.0' ],
13 silly audit   'wrap-ansi': [ '7.0.0', '8.1.0' ],
13 silly audit   clone: [ '1.0.4' ],
13 silly audit   'clone-response': [ '1.0.3' ],
13 silly audit   'color-convert': [ '2.0.1' ],
13 silly audit   'color-name': [ '1.1.4' ],
13 silly audit   'color-support': [ '1.1.3' ],
13 silly audit   colorette: [ '2.0.20' ],
13 silly audit   'compare-version': [ '0.1.2' ],
13 silly audit   'concat-map': [ '0.0.1' ],
13 silly audit   'concat-stream': [ '2.0.0' ],
13 silly audit   conf: [ '12.0.0' ],
13 silly audit   'env-paths': [ '3.0.0', '2.2.1' ],
13 silly audit   'console-control-strings': [ '1.1.0' ],
13 silly audit   'cross-dirname': [ '0.1.0' ],
13 silly audit   'cross-spawn': [ '7.0.3', '6.0.5' ],
13 silly audit   'cross-zip': [ '4.0.1' ],
13 silly audit   'debounce-fn': [ '5.1.2' ],
13 silly audit   'mimic-fn': [ '4.0.0', '2.1.0' ],
13 silly audit   debug: [ '4.3.5', '2.6.9' ],
13 silly audit   'decompress-response': [ '6.0.0' ],
13 silly audit   'mimic-response': [ '3.1.0', '1.0.1' ],
13 silly audit   defaults: [ '1.0.4' ],
13 silly audit   'defer-to-connect': [ '2.0.1' ],
13 silly audit   'define-data-property': [ '1.1.4' ],
13 silly audit   'define-properties': [ '1.2.1' ],
13 silly audit   delegates: [ '1.0.0' ],
13 silly audit   'detect-libc': [ '2.0.3' ],
13 silly audit   'detect-node': [ '2.1.0' ],
13 silly audit   'dir-compare': [ '4.2.0' ],
13 silly audit   'dot-prop': [ '8.0.2' ],
13 silly audit   'type-fest': [ '3.13.1', '4.20.0', '0.13.1', '1.4.0' ],
13 silly audit   eastasianwidth: [ '0.2.0' ],
13 silly audit   electron: [ '31.0.0' ],
13 silly audit   'electron-installer-common': [ '0.10.3' ],
13 silly audit   'electron-installer-debian': [ '3.2.0' ],
13 silly audit   yargs: [ '16.2.0', '17.7.2' ],
13 silly audit   'yargs-parser': [ '20.2.9', '21.1.1' ],
13 silly audit   'electron-installer-redhat': [ '3.4.0' ],
13 silly audit   'electron-squirrel-startup': [ '1.0.1' ],
13 silly audit   ms: [ '2.0.0', '2.1.2' ],
13 silly audit   'electron-store': [ '9.0.0' ],
13 silly audit   'electron-winstaller': [ '5.3.1' ],
13 silly audit   encoding: [ '0.1.13' ],
13 silly audit   'end-of-stream': [ '1.4.4' ],
13 silly audit   'err-code': [ '2.0.3' ],
13 silly audit   'error-ex': [ '1.3.2' ],
13 silly audit   'es-define-property': [ '1.0.0' ],
13 silly audit   'es-errors': [ '1.3.0' ],
13 silly audit   'es6-error': [ '4.1.1' ],
13 silly audit   escalade: [ '3.1.2' ],
13 silly audit   'escape-string-regexp': [ '4.0.0', '1.0.5' ],
13 silly audit   eventemitter3: [ '5.0.1' ],
13 silly audit   execa: [ '1.0.0' ],
13 silly audit   'get-stream': [ '4.1.0', '5.2.0' ],
13 silly audit   'path-key': [ '2.0.1', '3.1.1' ],
13 silly audit   'shebang-command': [ '1.2.0', '2.0.0' ],
13 silly audit   'shebang-regex': [ '1.0.0', '3.0.0' ],
13 silly audit   which: [ '1.3.1', '2.0.2' ],
13 silly audit   'expand-tilde': [ '2.0.2' ],
13 silly audit   'exponential-backoff': [ '3.1.1' ],
13 silly audit   'extract-zip': [ '2.0.1' ],
13 silly audit   'fast-deep-equal': [ '3.1.3' ],
13 silly audit   'fast-glob': [ '3.3.2' ],
13 silly audit   fastq: [ '1.17.1' ],
13 silly audit   'fd-slicer': [ '1.1.0' ],
13 silly audit   'ffmpeg-static': [ '5.2.0' ],
13 silly audit   'filename-reserved-regex': [ '2.0.0' ],
13 silly audit   filenamify: [ '4.3.0' ],
13 silly audit   'fill-range': [ '7.1.1' ],
13 silly audit   'flora-colossus': [ '2.0.0' ],
13 silly audit   'fluent-ffmpeg': [ '2.1.3' ],
13 silly audit   'fs-minipass': [ '2.1.0' ],
13 silly audit   'fs.realpath': [ '1.0.0' ],
13 silly audit   'function-bind': [ '1.1.2' ],
13 silly audit   galactus: [ '1.0.0' ],
13 silly audit   gar: [ '1.0.4' ],
13 silly audit   gauge: [ '4.0.4' ],
13 silly audit   'get-caller-file': [ '2.0.5' ],
13 silly audit   'get-folder-size': [ '2.0.1' ],
13 silly audit   'get-installed-path': [ '2.1.1' ],
13 silly audit   'get-intrinsic': [ '1.2.4' ],
13 silly audit   'get-package-info': [ '1.0.0' ],
13 silly audit   'glob-parent': [ '5.1.2' ],
13 silly audit   'global-agent': [ '3.0.0' ],
13 silly audit   'global-modules': [ '1.0.0' ],
13 silly audit   'global-prefix': [ '1.0.2' ],
13 silly audit   globalthis: [ '1.0.4' ],
13 silly audit   gopd: [ '1.0.1' ],
13 silly audit   got: [ '11.8.6' ],
13 silly audit   'graceful-fs': [ '4.2.11' ],
13 silly audit   'has-flag': [ '4.0.0' ],
13 silly audit   'has-property-descriptors': [ '1.0.2' ],
13 silly audit   'has-proto': [ '1.0.3' ],
13 silly audit   'has-symbols': [ '1.0.3' ],
13 silly audit   'has-unicode': [ '2.0.1' ],
13 silly audit   hasown: [ '2.0.2' ],
13 silly audit   'homedir-polyfill': [ '1.0.3' ],
13 silly audit   'hosted-git-info': [ '2.8.9' ],
13 silly audit   'http-cache-semantics': [ '4.1.1' ],
13 silly audit   'http-proxy-agent': [ '5.0.0' ],
13 silly audit   'http-response-object': [ '3.0.2' ],
13 silly audit   'http2-wrapper': [ '1.0.3' ],
13 silly audit   'https-proxy-agent': [ '5.0.1' ],
13 silly audit   'humanize-ms': [ '1.2.1' ],
13 silly audit   'iconv-lite': [ '0.6.3' ],
13 silly audit   ieee754: [ '1.2.1' ],
13 silly audit   imurmurhash: [ '0.1.4' ],
13 silly audit   'indent-string': [ '4.0.0' ],
13 silly audit   'infer-owner': [ '1.0.4' ],
13 silly audit   inflight: [ '1.0.6' ],
13 silly audit   inherits: [ '2.0.4' ],
13 silly audit   ini: [ '1.3.8' ],
13 silly audit   interpret: [ '3.1.1' ],
13 silly audit   'ip-address': [ '9.0.5' ],
13 silly audit   'is-arrayish': [ '0.2.1' ],
13 silly audit   'is-core-module': [ '2.13.1' ],
13 silly audit   'is-extglob': [ '2.1.1' ],
13 silly audit   'is-glob': [ '4.0.3' ],
13 silly audit   'is-interactive': [ '1.0.0' ],
13 silly audit   'is-lambda': [ '1.0.1' ],
13 silly audit   'is-number': [ '7.0.0' ],
13 silly audit   'is-stream': [ '1.1.0' ],
13 silly audit   'is-unicode-supported': [ '0.1.0' ],
13 silly audit   'is-windows': [ '1.0.2' ],
13 silly audit   isbinaryfile: [ '4.0.10' ],
13 silly audit   isexe: [ '2.0.0' ],
13 silly audit   jsbn: [ '1.1.0' ],
13 silly audit   'json-buffer': [ '3.0.1' ],
13 silly audit   'json-schema-traverse': [ '1.0.0' ],
13 silly audit   'json-schema-typed': [ '8.0.1' ],
13 silly audit   'json-stringify-safe': [ '5.0.1' ],
13 silly audit   junk: [ '3.1.0' ],
13 silly audit   keyv: [ '4.5.4' ],
13 silly audit   listr2: [ '7.0.2' ],
13 silly audit   'load-json-file': [ '2.0.0' ],
13 silly audit   lodash: [ '4.17.21' ],
13 silly audit   'lodash.get': [ '4.4.2' ],
13 silly audit   'log-symbols': [ '4.1.0' ],
13 silly audit   'log-update': [ '5.0.1' ],
13 silly audit   'lowercase-keys': [ '2.0.0' ],
13 silly audit   'lru-cache': [ '7.18.3' ],
13 silly audit   'make-fetch-happen': [ '10.2.1' ],
13 silly audit   'map-age-cleaner': [ '0.1.3' ],
13 silly audit   matcher: [ '3.0.0' ],
13 silly audit   mem: [ '4.3.0' ],
13 silly audit   merge2: [ '1.4.1' ],
13 silly audit   micromatch: [ '4.0.7' ],
13 silly audit   minimist: [ '1.2.8' ],
13 silly audit   minipass: [ '3.3.6', '5.0.0' ],
13 silly audit   'minipass-collect': [ '1.0.2' ],
13 silly audit   'minipass-fetch': [ '2.1.2' ],
13 silly audit   'minipass-flush': [ '1.0.5' ],
13 silly audit   'minipass-pipeline': [ '1.2.4' ],
13 silly audit   'minipass-sized': [ '1.0.3' ],
13 silly audit   minizlib: [ '2.1.2' ],
13 silly audit   mkdirp: [ '1.0.4', '0.5.6' ],
13 silly audit   negotiator: [ '0.6.3' ],
13 silly audit   'nice-try': [ '1.0.5' ],
13 silly audit   'node-abi': [ '3.64.0' ],
13 silly audit   'node-api-version': [ '0.2.0' ],
13 silly audit   'node-fetch': [ '2.7.0' ],
13 silly audit   'node-gyp': [ '9.4.1' ],
13 silly audit   nopt: [ '6.0.0' ],
13 silly audit   'normalize-package-data': [ '2.5.0' ],
13 silly audit   'normalize-url': [ '6.1.0' ],
13 silly audit   'npm-run-path': [ '2.0.2' ],
13 silly audit   npmlog: [ '6.0.2' ],
13 silly audit   'object-keys': [ '1.1.1' ],
13 silly audit   once: [ '1.4.0' ],
13 silly audit   onetime: [ '5.1.2' ],
13 silly audit   ora: [ '5.4.1' ],
13 silly audit   'restore-cursor': [ '3.1.0', '4.0.0' ],
13 silly audit   'p-cancelable': [ '2.1.1' ],
13 silly audit   'p-defer': [ '1.0.0' ],
13 silly audit   'p-finally': [ '1.0.0' ],
13 silly audit   'p-is-promise': [ '2.1.0' ],
13 silly audit   'p-limit': [ '3.1.0', '1.3.0', '2.3.0' ],
13 silly audit   'p-map': [ '4.0.0' ],
13 silly audit   'p-try': [ '1.0.0', '2.2.0' ],
13 silly audit   'parse-author': [ '2.0.0' ],
13 silly audit   'parse-cache-control': [ '1.0.1' ],
13 silly audit   'parse-json': [ '2.2.0' ],
13 silly audit   'parse-passwd': [ '1.0.0' ],
13 silly audit   'path-is-absolute': [ '1.0.1' ],
13 silly audit   'path-parse': [ '1.0.7' ],
13 silly audit   'path-type': [ '2.0.0' ],
13 silly audit   'pe-library': [ '1.0.1' ],
13 silly audit   pend: [ '1.2.0' ],
13 silly audit   picomatch: [ '2.3.1' ],
13 silly audit   pify: [ '2.3.0' ],
13 silly audit   'pkg-dir': [ '4.2.0' ],
13 silly audit   plist: [ '3.1.0' ],
13 silly audit   postject: [ '1.0.0-alpha.6' ],
13 silly audit   progress: [ '2.0.3' ],
13 silly audit   'promise-inflight': [ '1.0.1' ],
13 silly audit   'promise-retry': [ '2.0.1' ],
13 silly audit   pump: [ '3.0.0' ],
13 silly audit   punycode: [ '2.3.1' ],
13 silly audit   'queue-microtask': [ '1.2.3' ],
13 silly audit   'quick-lru': [ '5.1.1' ],
13 silly audit   'read-binary-file-arch': [ '1.0.6' ],
13 silly audit   'read-pkg': [ '2.0.0' ],
13 silly audit   'read-pkg-up': [ '2.0.0' ],
13 silly audit   'readable-stream': [ '3.6.2' ],
13 silly audit   rechoir: [ '0.8.0' ],
13 silly audit   'require-directory': [ '2.1.1' ],
13 silly audit   'require-from-string': [ '2.0.2' ],
13 silly audit   resedit: [ '2.0.2' ],
13 silly audit   resolve: [ '1.22.8' ],
13 silly audit   'resolve-alpn': [ '1.2.1' ],
13 silly audit   'resolve-dir': [ '1.0.1' ],
13 silly audit   'resolve-package': [ '1.0.1' ],
13 silly audit   responselike: [ '2.0.1' ],
13 silly audit   retry: [ '0.12.0' ],
13 silly audit   reusify: [ '1.0.4' ],
13 silly audit   rfdc: [ '1.4.1' ],
13 silly audit   rimraf: [ '3.0.2', '2.6.3' ],
13 silly audit   roarr: [ '2.15.4' ],
13 silly audit   'run-parallel': [ '1.2.0' ],
13 silly audit   'safe-buffer': [ '5.2.1' ],
13 silly audit   'safer-buffer': [ '2.1.2' ],
13 silly audit   'semver-compare': [ '1.0.0' ],
13 silly audit   'serialize-error': [ '7.0.1' ],
13 silly audit   'set-blocking': [ '2.0.0' ],
13 silly audit   'signal-exit': [ '3.0.7' ],
13 silly audit   'slice-ansi': [ '5.0.0' ],
13 silly audit   'smart-buffer': [ '4.2.0' ],
13 silly audit   socks: [ '2.8.3' ],
13 silly audit   'socks-proxy-agent': [ '7.0.0' ],
13 silly audit   'source-map': [ '0.6.1' ],
13 silly audit   'source-map-support': [ '0.5.21' ],
13 silly audit   'spdx-correct': [ '3.2.0' ],
13 silly audit   'spdx-exceptions': [ '2.5.0' ],
13 silly audit   'spdx-expression-parse': [ '3.0.1' ],
13 silly audit   'spdx-license-ids': [ '3.0.18' ],
13 silly audit   'sprintf-js': [ '1.1.3' ],
13 silly audit   ssri: [ '9.0.1' ],
13 silly audit   string_decoder: [ '1.3.0' ],
13 silly audit   'strip-bom': [ '3.0.0' ],
13 silly audit   'strip-eof': [ '1.0.0' ],
13 silly audit   'strip-outer': [ '1.0.1' ],
13 silly audit   'stubborn-fs': [ '1.2.5' ],
13 silly audit   'sudo-prompt': [ '9.2.1' ],
13 silly audit   sumchecker: [ '3.0.1' ],
13 silly audit   'supports-color': [ '7.2.0' ],
13 silly audit   'supports-preserve-symlinks-flag': [ '1.0.0' ],
13 silly audit   tar: [ '6.2.1' ],
13 silly audit   temp: [ '0.9.4' ],
13 silly audit   'tiny-each-async': [ '2.0.3' ],
13 silly audit   tmp: [ '0.2.3' ],
13 silly audit   'tmp-promise': [ '3.0.3' ],
13 silly audit   'to-regex-range': [ '5.0.1' ],
13 silly audit   tr46: [ '0.0.3' ],
13 silly audit   'trim-repeated': [ '1.0.0' ],
13 silly audit   typedarray: [ '0.0.6' ],
13 silly audit   'uint8array-extras': [ '0.3.0' ],
13 silly audit   'undici-types': [ '5.26.5' ],
13 silly audit   'unique-filename': [ '2.0.1' ],
13 silly audit   'unique-slug': [ '3.0.0' ],
13 silly audit   'uri-js': [ '4.4.1' ],
13 silly audit   username: [ '5.1.0' ],
13 silly audit   'util-deprecate': [ '1.0.2' ],
13 silly audit   'validate-npm-package-license': [ '3.0.4' ],
13 silly audit   wcwidth: [ '1.0.1' ],
13 silly audit   'webidl-conversions': [ '3.0.1' ],
13 silly audit   'whatwg-url': [ '5.0.0' ],
13 silly audit   'when-exit': [ '2.1.2' ],
13 silly audit   'wide-align': [ '1.1.5' ],
13 silly audit   'word-wrap': [ '1.2.5' ],
13 silly audit   wrappy: [ '1.0.2' ],
13 silly audit   xmlbuilder: [ '15.1.1' ],
13 silly audit   y18n: [ '5.0.8' ],
13 silly audit   yallist: [ '4.0.0' ],
13 silly audit   'yarn-or-npm': [ '3.0.1' ],
13 silly audit   yauzl: [ '2.10.0' ],
13 silly audit   'yocto-queue': [ '0.1.0' ]
13 silly audit }
14 http fetch POST 200 https://registry.npmjs.org/-/npm/v1/security/advisories/bulk 334ms
15 silly audit report {
15 silly audit report   'cross-spawn': [
15 silly audit report     {
15 silly audit report       id: 1100562,
15 silly audit report       url: 'https://github.com/advisories/GHSA-3xgq-45jj-v275',
15 silly audit report       title: 'Regular Expression Denial of Service (ReDoS) in cross-spawn',
15 silly audit report       severity: 'high',
15 silly audit report       vulnerable_versions: '<6.0.6',
15 silly audit report       cwe: [Array],
15 silly audit report       cvss: [Object]
15 silly audit report     },
15 silly audit report     {
15 silly audit report       id: 1100563,
15 silly audit report       url: 'https://github.com/advisories/GHSA-3xgq-45jj-v275',
15 silly audit report       title: 'Regular Expression Denial of Service (ReDoS) in cross-spawn',
15 silly audit report       severity: 'high',
15 silly audit report       vulnerable_versions: '>=7.0.0 <7.0.5',
15 silly audit report       cwe: [Array],
15 silly audit report       cvss: [Object]
15 silly audit report     }
15 silly audit report   ],
15 silly audit report   micromatch: [
15 silly audit report     {
15 silly audit report       id: 1098681,
15 silly audit report       url: 'https://github.com/advisories/GHSA-952p-6rrq-rcjv',
15 silly audit report       title: 'Regular Expression Denial of Service (ReDoS) in micromatch',
15 silly audit report       severity: 'moderate',
15 silly audit report       vulnerable_versions: '<4.0.8',
15 silly audit report       cwe: [Array],
15 silly audit report       cvss: [Object]
15 silly audit report     }
15 silly audit report   ]
15 silly audit report }
16 silly packumentCache corgi:https://registry.npmjs.org/cross-spawn cache-miss
17 silly packumentCache corgi:https://registry.npmjs.org/micromatch cache-miss
18 http cache https://registry.npmjs.org/micromatch 20ms (cache hit)
19 silly packumentCache corgi:https://registry.npmjs.org/micromatch set size:71776 disposed:false
20 http cache https://registry.npmjs.org/cross-spawn 26ms (cache hit)
21 silly packumentCache corgi:https://registry.npmjs.org/cross-spawn set size:44626 disposed:false
22 silly packumentCache corgi:https://registry.npmjs.org/execa cache-miss
23 silly packumentCache corgi:https://registry.npmjs.org/yarn-or-npm cache-miss
24 http cache https://registry.npmjs.org/yarn-or-npm 5ms (cache hit)
25 silly packumentCache corgi:https://registry.npmjs.org/yarn-or-npm set size:7278 disposed:false
26 http cache https://registry.npmjs.org/execa 6ms (cache hit)
27 silly packumentCache corgi:https://registry.npmjs.org/execa set size:85170 disposed:false
28 silly packumentCache corgi:https://registry.npmjs.org/@malept%2fcross-spawn-promise cache-miss
29 http cache https://registry.npmjs.org/@malept%2fcross-spawn-promise 2ms (cache hit)
30 silly packumentCache corgi:https://registry.npmjs.org/@malept%2fcross-spawn-promise set size:9178 disposed:false
31 silly packumentCache corgi:https://registry.npmjs.org/fast-glob cache-miss
32 http cache https://registry.npmjs.org/fast-glob 2ms (cache hit)
33 silly packumentCache corgi:https://registry.npmjs.org/fast-glob set size:84869 disposed:false
34 silly idealTree buildDeps
35 silly fetch manifest cross-spawn@^7.0.1
36 silly packumentCache full:https://registry.npmjs.org/cross-spawn cache-miss
37 http fetch GET 200 https://registry.npmjs.org/cross-spawn 119ms (cache miss)
38 silly packumentCache full:https://registry.npmjs.org/cross-spawn set size:undefined disposed:false
39 silly placeDep ROOT cross-spawn@7.0.6 REPLACE for: @malept/cross-spawn-promise@2.0.0 want: ^7.0.1
40 silly fetch manifest cross-spawn@^6.0.0
41 silly packumentCache full:https://registry.npmjs.org/cross-spawn cache-miss
42 http cache https://registry.npmjs.org/cross-spawn 3ms (cache hit)
43 silly packumentCache full:https://registry.npmjs.org/cross-spawn set size:109066 disposed:false
44 silly placeDep node_modules/execa cross-spawn@6.0.6 REPLACE for: execa@1.0.0 want: ^6.0.0
45 silly fetch manifest micromatch@^4.0.4
46 silly packumentCache full:https://registry.npmjs.org/micromatch cache-miss
47 http fetch GET 200 https://registry.npmjs.org/micromatch 47ms (cache updated)
48 silly packumentCache full:https://registry.npmjs.org/micromatch set size:undefined disposed:false
49 silly placeDep ROOT micromatch@4.0.8 REPLACE for: fast-glob@3.3.2 want: ^4.0.4
50 silly fetch manifest cross-spawn@^6.0.5
51 silly packumentCache full:https://registry.npmjs.org/cross-spawn cache-hit
52 silly placeDep node_modules/yarn-or-npm cross-spawn@6.0.6 REPLACE for: yarn-or-npm@3.0.1 want: ^6.0.5
53 silly reify mark retired [
53 silly reify   '/home/angelo/Downloads/GitHub/mpvpaperWallpaperUI/node_modules/cross-spawn'
53 silly reify ]
54 silly reify mark retired [
54 silly reify   '/home/angelo/Downloads/GitHub/mpvpaperWallpaperUI/node_modules/execa/node_modules/cross-spawn'
54 silly reify ]
55 silly reify mark retired [
55 silly reify   '/home/angelo/Downloads/GitHub/mpvpaperWallpaperUI/node_modules/micromatch'
55 silly reify ]
56 silly reify mark retired [
56 silly reify   '/home/angelo/Downloads/GitHub/mpvpaperWallpaperUI/node_modules/yarn-or-npm/node_modules/cross-spawn'
56 silly reify ]
57 silly reify moves {
57 silly reify   '/home/angelo/Downloads/GitHub/mpvpaperWallpaperUI/node_modules/cross-spawn': '/home/angelo/Downloads/GitHub/mpvpaperWallpaperUI/node_modules/.cross-spawn-Ib4YYEQh',
57 silly reify   '/home/angelo/Downloads/GitHub/mpvpaperWallpaperUI/node_modules/execa/node_modules/cross-spawn': '/home/angelo/Downloads/GitHub/mpvpaperWallpaperUI/node_modules/execa/node_modules/.cross-spawn-OA0J5ks7',
57 silly reify   '/home/angelo/Downloads/GitHub/mpvpaperWallpaperUI/node_modules/micromatch': '/home/angelo/Downloads/GitHub/mpvpaperWallpaperUI/node_modules/.micromatch-2mYaPeKJ',
57 silly reify   '/home/angelo/Downloads/GitHub/mpvpaperWallpaperUI/node_modules/yarn-or-npm/node_modules/cross-spawn': '/home/angelo/Downloads/GitHub/mpvpaperWallpaperUI/node_modules/yarn-or-npm/node_modules/.cross-spawn-3VTKtsUE'
57 silly reify }
58 silly audit bulk request {
58 silly audit   '@derhuerst/http-basic': [ '8.2.4' ],
58 silly audit   '@electron-forge/cli': [ '7.4.0' ],
58 silly audit   commander: [ '4.1.1', '5.1.0', '9.5.0' ],
58 silly audit   'fs-extra': [ '10.1.0', '9.1.0', '8.1.0', '7.0.1', '11.2.0' ],
58 silly audit   '@electron-forge/core': [ '7.4.0' ],
58 silly audit   '@electron-forge/core-utils': [ '7.4.0' ],
58 silly audit   'find-up': [ '5.0.0', '2.1.0', '4.1.0' ],
58 silly audit   'locate-path': [ '6.0.0', '2.0.0', '5.0.0' ],
58 silly audit   'p-locate': [ '5.0.0', '2.0.0', '4.1.0' ],
58 silly audit   'path-exists': [ '4.0.0', '3.0.0' ],
58 silly audit   '@electron-forge/maker-base': [ '7.4.0' ],
58 silly audit   '@electron-forge/maker-deb': [ '7.4.0' ],
58 silly audit   '@electron-forge/maker-rpm': [ '7.4.0' ],
58 silly audit   '@electron-forge/maker-squirrel': [ '7.4.0' ],
58 silly audit   '@electron-forge/maker-zip': [ '7.4.0' ],
58 silly audit   '@electron-forge/plugin-auto-unpack-natives': [ '7.4.0' ],
58 silly audit   '@electron-forge/plugin-base': [ '7.4.0' ],
58 silly audit   '@electron-forge/plugin-fuses': [ '7.4.0' ],
58 silly audit   '@electron-forge/publisher-base': [ '7.4.0' ],
58 silly audit   '@electron-forge/shared-types': [ '7.4.0' ],
58 silly audit   '@electron-forge/template-base': [ '7.4.0' ],
58 silly audit   '@electron-forge/template-vite': [ '7.4.0' ],
58 silly audit   '@electron-forge/template-vite-typescript': [ '7.4.0' ],
58 silly audit   '@electron-forge/template-webpack': [ '7.4.0' ],
58 silly audit   '@electron-forge/template-webpack-typescript': [ '7.4.0' ],
58 silly audit   '@electron-forge/tracer': [ '7.4.0' ],
58 silly audit   '@electron/asar': [ '3.2.10' ],
58 silly audit   '@electron/fuses': [ '1.8.0' ],
58 silly audit   '@electron/get': [ '3.0.0', '2.0.3' ],
58 silly audit   jsonfile: [ '4.0.0', '6.1.0' ],
58 silly audit   semver: [ '6.3.1', '5.7.2', '7.6.2' ],
58 silly audit   universalify: [ '0.1.2', '2.0.1' ],
58 silly audit   '@electron/notarize': [ '2.3.2' ],
58 silly audit   '@electron/osx-sign': [ '1.3.0' ],
58 silly audit   '@electron/packager': [ '18.3.2' ],
58 silly audit   '@electron/rebuild': [ '3.6.0' ],
58 silly audit   '@electron/universal': [ '2.0.1' ],
58 silly audit   'brace-expansion': [ '2.0.1', '1.1.11' ],
58 silly audit   minimatch: [ '9.0.4', '5.1.6', '3.1.2' ],
58 silly audit   '@electron/windows-sign': [ '1.1.2' ],
58 silly audit   '@gar/promisify': [ '1.1.3' ],
58 silly audit   '@malept/cross-spawn-promise': [ '2.0.0', '1.1.1' ],
58 silly audit   '@nodelib/fs.scandir': [ '2.1.5' ],
58 silly audit   '@nodelib/fs.stat': [ '2.0.5' ],
58 silly audit   '@nodelib/fs.walk': [ '1.2.8' ],
58 silly audit   '@npmcli/fs': [ '2.1.2' ],
58 silly audit   '@npmcli/move-file': [ '2.0.1' ],
58 silly audit   '@sindresorhus/is': [ '4.6.0' ],
58 silly audit   '@szmarczak/http-timer': [ '4.0.6' ],
58 silly audit   '@tootallnate/once': [ '2.0.0' ],
58 silly audit   '@types/cacheable-request': [ '6.0.3' ],
58 silly audit   '@types/fs-extra': [ '9.0.13' ],
58 silly audit   '@types/glob': [ '7.2.0' ],
58 silly audit   '@types/http-cache-semantics': [ '4.0.4' ],
58 silly audit   '@types/keyv': [ '3.1.4' ],
58 silly audit   '@types/minimatch': [ '5.1.2' ],
58 silly audit   '@types/node': [ '20.14.2', '10.17.60' ],
58 silly audit   '@types/responselike': [ '1.0.3' ],
58 silly audit   '@types/yauzl': [ '2.10.3' ],
58 silly audit   '@xmldom/xmldom': [ '0.8.10' ],
58 silly audit   abbrev: [ '1.1.1' ],
58 silly audit   'agent-base': [ '6.0.2' ],
58 silly audit   agentkeepalive: [ '4.5.0' ],
58 silly audit   'aggregate-error': [ '3.1.0' ],
58 silly audit   ajv: [ '8.16.0' ],
58 silly audit   'ajv-formats': [ '2.1.1' ],
58 silly audit   'ansi-escapes': [ '5.0.0' ],
58 silly audit   'ansi-regex': [ '6.0.1', '5.0.1' ],
58 silly audit   'ansi-styles': [ '4.3.0', '6.2.1' ],
58 silly audit   aproba: [ '2.0.0' ],
58 silly audit   'are-we-there-yet': [ '3.0.1' ],
58 silly audit   asar: [ '3.2.0' ],
58 silly audit   async: [ '0.2.10' ],
58 silly audit   'at-least-node': [ '1.0.0' ],
58 silly audit   atomically: [ '2.0.3' ],
58 silly audit   'author-regex': [ '1.0.0' ],
58 silly audit   'balanced-match': [ '1.0.2' ],
58 silly audit   'base64-js': [ '1.5.1' ],
58 silly audit   bl: [ '4.1.0' ],
58 silly audit   bluebird: [ '3.7.2' ],
58 silly audit   boolean: [ '3.2.0' ],
58 silly audit   braces: [ '3.0.3' ],
58 silly audit   buffer: [ '5.7.1' ],
58 silly audit   'buffer-crc32': [ '0.2.13' ],
58 silly audit   'buffer-from': [ '1.1.2' ],
58 silly audit   cacache: [ '16.1.3' ],
58 silly audit   glob: [ '8.1.0', '7.2.3' ],
58 silly audit   'cacheable-lookup': [ '5.0.4' ],
58 silly audit   'cacheable-request': [ '7.0.4' ],
58 silly audit   caseless: [ '0.12.0' ],
58 silly audit   chalk: [ '4.1.2' ],
58 silly audit   chownr: [ '2.0.0' ],
58 silly audit   'chrome-trace-event': [ '1.0.4' ],
58 silly audit   'chromium-pickle-js': [ '0.2.0' ],
58 silly audit   'clean-stack': [ '2.2.0' ],
58 silly audit   'cli-cursor': [ '4.0.0', '3.1.0' ],
58 silly audit   'cli-spinners': [ '2.9.2' ],
58 silly audit   'cli-truncate': [ '3.1.0' ],
58 silly audit   cliui: [ '8.0.1', '7.0.4' ],
58 silly audit   'emoji-regex': [ '8.0.0', '9.2.2' ],
58 silly audit   'is-fullwidth-code-point': [ '3.0.0', '4.0.0' ],
58 silly audit   'string-width': [ '4.2.3', '5.1.2' ],
58 silly audit   'strip-ansi': [ '6.0.1', '7.1.0' ],
58 silly audit   'wrap-ansi': [ '7.0.0', '8.1.0' ],
58 silly audit   clone: [ '1.0.4' ],
58 silly audit   'clone-response': [ '1.0.3' ],
58 silly audit   'color-convert': [ '2.0.1' ],
58 silly audit   'color-name': [ '1.1.4' ],
58 silly audit   'color-support': [ '1.1.3' ],
58 silly audit   colorette: [ '2.0.20' ],
58 silly audit   'compare-version': [ '0.1.2' ],
58 silly audit   'concat-map': [ '0.0.1' ],
58 silly audit   'concat-stream': [ '2.0.0' ],
58 silly audit   conf: [ '12.0.0' ],
58 silly audit   'env-paths': [ '3.0.0', '2.2.1' ],
58 silly audit   'console-control-strings': [ '1.1.0' ],
58 silly audit   'cross-dirname': [ '0.1.0' ],
58 silly audit   'cross-spawn': [ '7.0.6', '6.0.6' ],
58 silly audit   'cross-zip': [ '4.0.1' ],
58 silly audit   'debounce-fn': [ '5.1.2' ],
58 silly audit   'mimic-fn': [ '4.0.0', '2.1.0' ],
58 silly audit   debug: [ '4.3.5', '2.6.9' ],
58 silly audit   'decompress-response': [ '6.0.0' ],
58 silly audit   'mimic-response': [ '3.1.0', '1.0.1' ],
58 silly audit   defaults: [ '1.0.4' ],
58 silly audit   'defer-to-connect': [ '2.0.1' ],
58 silly audit   'define-data-property': [ '1.1.4' ],
58 silly audit   'define-properties': [ '1.2.1' ],
58 silly audit   delegates: [ '1.0.0' ],
58 silly audit   'detect-libc': [ '2.0.3' ],
58 silly audit   'detect-node': [ '2.1.0' ],
58 silly audit   'dir-compare': [ '4.2.0' ],
58 silly audit   'dot-prop': [ '8.0.2' ],
58 silly audit   'type-fest': [ '3.13.1', '4.20.0', '0.13.1', '1.4.0' ],
58 silly audit   eastasianwidth: [ '0.2.0' ],
58 silly audit   electron: [ '31.0.0' ],
58 silly audit   'electron-installer-common': [ '0.10.3' ],
58 silly audit   'electron-installer-debian': [ '3.2.0' ],
58 silly audit   yargs: [ '16.2.0', '17.7.2' ],
58 silly audit   'yargs-parser': [ '20.2.9', '21.1.1' ],
58 silly audit   'electron-installer-redhat': [ '3.4.0' ],
58 silly audit   'electron-squirrel-startup': [ '1.0.1' ],
58 silly audit   ms: [ '2.0.0', '2.1.2' ],
58 silly audit   'electron-store': [ '9.0.0' ],
58 silly audit   'electron-winstaller': [ '5.3.1' ],
58 silly audit   encoding: [ '0.1.13' ],
58 silly audit   'end-of-stream': [ '1.4.4' ],
58 silly audit   'err-code': [ '2.0.3' ],
58 silly audit   'error-ex': [ '1.3.2' ],
58 silly audit   'es-define-property': [ '1.0.0' ],
58 silly audit   'es-errors': [ '1.3.0' ],
58 silly audit   'es6-error': [ '4.1.1' ],
58 silly audit   escalade: [ '3.1.2' ],
58 silly audit   'escape-string-regexp': [ '4.0.0', '1.0.5' ],
58 silly audit   eventemitter3: [ '5.0.1' ],
58 silly audit   execa: [ '1.0.0' ],
58 silly audit   'get-stream': [ '4.1.0', '5.2.0' ],
58 silly audit   'path-key': [ '2.0.1', '3.1.1' ],
58 silly audit   'shebang-command': [ '1.2.0', '2.0.0' ],
58 silly audit   'shebang-regex': [ '1.0.0', '3.0.0' ],
58 silly audit   which: [ '1.3.1', '2.0.2' ],
58 silly audit   'expand-tilde': [ '2.0.2' ],
58 silly audit   'exponential-backoff': [ '3.1.1' ],
58 silly audit   'extract-zip': [ '2.0.1' ],
58 silly audit   'fast-deep-equal': [ '3.1.3' ],
58 silly audit   'fast-glob': [ '3.3.2' ],
58 silly audit   fastq: [ '1.17.1' ],
58 silly audit   'fd-slicer': [ '1.1.0' ],
58 silly audit   'ffmpeg-static': [ '5.2.0' ],
58 silly audit   'filename-reserved-regex': [ '2.0.0' ],
58 silly audit   filenamify: [ '4.3.0' ],
58 silly audit   'fill-range': [ '7.1.1' ],
58 silly audit   'flora-colossus': [ '2.0.0' ],
58 silly audit   'fluent-ffmpeg': [ '2.1.3' ],
58 silly audit   'fs-minipass': [ '2.1.0' ],
58 silly audit   'fs.realpath': [ '1.0.0' ],
58 silly audit   'function-bind': [ '1.1.2' ],
58 silly audit   galactus: [ '1.0.0' ],
58 silly audit   gar: [ '1.0.4' ],
58 silly audit   gauge: [ '4.0.4' ],
58 silly audit   'get-caller-file': [ '2.0.5' ],
58 silly audit   'get-folder-size': [ '2.0.1' ],
58 silly audit   'get-installed-path': [ '2.1.1' ],
58 silly audit   'get-intrinsic': [ '1.2.4' ],
58 silly audit   'get-package-info': [ '1.0.0' ],
58 silly audit   'glob-parent': [ '5.1.2' ],
58 silly audit   'global-agent': [ '3.0.0' ],
58 silly audit   'global-modules': [ '1.0.0' ],
58 silly audit   'global-prefix': [ '1.0.2' ],
58 silly audit   globalthis: [ '1.0.4' ],
58 silly audit   gopd: [ '1.0.1' ],
58 silly audit   got: [ '11.8.6' ],
58 silly audit   'graceful-fs': [ '4.2.11' ],
58 silly audit   'has-flag': [ '4.0.0' ],
58 silly audit   'has-property-descriptors': [ '1.0.2' ],
58 silly audit   'has-proto': [ '1.0.3' ],
58 silly audit   'has-symbols': [ '1.0.3' ],
58 silly audit   'has-unicode': [ '2.0.1' ],
58 silly audit   hasown: [ '2.0.2' ],
58 silly audit   'homedir-polyfill': [ '1.0.3' ],
58 silly audit   'hosted-git-info': [ '2.8.9' ],
58 silly audit   'http-cache-semantics': [ '4.1.1' ],
58 silly audit   'http-proxy-agent': [ '5.0.0' ],
58 silly audit   'http-response-object': [ '3.0.2' ],
58 silly audit   'http2-wrapper': [ '1.0.3' ],
58 silly audit   'https-proxy-agent': [ '5.0.1' ],
58 silly audit   'humanize-ms': [ '1.2.1' ],
58 silly audit   'iconv-lite': [ '0.6.3' ],
58 silly audit   ieee754: [ '1.2.1' ],
58 silly audit   imurmurhash: [ '0.1.4' ],
58 silly audit   'indent-string': [ '4.0.0' ],
58 silly audit   'infer-owner': [ '1.0.4' ],
58 silly audit   inflight: [ '1.0.6' ],
58 silly audit   inherits: [ '2.0.4' ],
58 silly audit   ini: [ '1.3.8' ],
58 silly audit   interpret: [ '3.1.1' ],
58 silly audit   'ip-address': [ '9.0.5' ],
58 silly audit   'is-arrayish': [ '0.2.1' ],
58 silly audit   'is-core-module': [ '2.13.1' ],
58 silly audit   'is-extglob': [ '2.1.1' ],
58 silly audit   'is-glob': [ '4.0.3' ],
58 silly audit   'is-interactive': [ '1.0.0' ],
58 silly audit   'is-lambda': [ '1.0.1' ],
58 silly audit   'is-number': [ '7.0.0' ],
58 silly audit   'is-stream': [ '1.1.0' ],
58 silly audit   'is-unicode-supported': [ '0.1.0' ],
58 silly audit   'is-windows': [ '1.0.2' ],
58 silly audit   isbinaryfile: [ '4.0.10' ],
58 silly audit   isexe: [ '2.0.0' ],
58 silly audit   jsbn: [ '1.1.0' ],
58 silly audit   'json-buffer': [ '3.0.1' ],
58 silly audit   'json-schema-traverse': [ '1.0.0' ],
58 silly audit   'json-schema-typed': [ '8.0.1' ],
58 silly audit   'json-stringify-safe': [ '5.0.1' ],
58 silly audit   junk: [ '3.1.0' ],
58 silly audit   keyv: [ '4.5.4' ],
58 silly audit   listr2: [ '7.0.2' ],
58 silly audit   'load-json-file': [ '2.0.0' ],
58 silly audit   lodash: [ '4.17.21' ],
58 silly audit   'lodash.get': [ '4.4.2' ],
58 silly audit   'log-symbols': [ '4.1.0' ],
58 silly audit   'log-update': [ '5.0.1' ],
58 silly audit   'lowercase-keys': [ '2.0.0' ],
58 silly audit   'lru-cache': [ '7.18.3' ],
58 silly audit   'make-fetch-happen': [ '10.2.1' ],
58 silly audit   'map-age-cleaner': [ '0.1.3' ],
58 silly audit   matcher: [ '3.0.0' ],
58 silly audit   mem: [ '4.3.0' ],
58 silly audit   merge2: [ '1.4.1' ],
58 silly audit   minimist: [ '1.2.8' ],
58 silly audit   minipass: [ '3.3.6', '5.0.0' ],
58 silly audit   'minipass-collect': [ '1.0.2' ],
58 silly audit   'minipass-fetch': [ '2.1.2' ],
58 silly audit   'minipass-flush': [ '1.0.5' ],
58 silly audit   'minipass-pipeline': [ '1.2.4' ],
58 silly audit   'minipass-sized': [ '1.0.3' ],
58 silly audit   minizlib: [ '2.1.2' ],
58 silly audit   mkdirp: [ '1.0.4', '0.5.6' ],
58 silly audit   negotiator: [ '0.6.3' ],
58 silly audit   'nice-try': [ '1.0.5' ],
58 silly audit   'node-abi': [ '3.64.0' ],
58 silly audit   'node-api-version': [ '0.2.0' ],
58 silly audit   'node-fetch': [ '2.7.0' ],
58 silly audit   'node-gyp': [ '9.4.1' ],
58 silly audit   nopt: [ '6.0.0' ],
58 silly audit   'normalize-package-data': [ '2.5.0' ],
58 silly audit   'normalize-url': [ '6.1.0' ],
58 silly audit   'npm-run-path': [ '2.0.2' ],
58 silly audit   npmlog: [ '6.0.2' ],
58 silly audit   'object-keys': [ '1.1.1' ],
58 silly audit   once: [ '1.4.0' ],
58 silly audit   onetime: [ '5.1.2' ],
58 silly audit   ora: [ '5.4.1' ],
58 silly audit   'restore-cursor': [ '3.1.0', '4.0.0' ],
58 silly audit   'p-cancelable': [ '2.1.1' ],
58 silly audit   'p-defer': [ '1.0.0' ],
58 silly audit   'p-finally': [ '1.0.0' ],
58 silly audit   'p-is-promise': [ '2.1.0' ],
58 silly audit   'p-limit': [ '3.1.0', '1.3.0', '2.3.0' ],
58 silly audit   'p-map': [ '4.0.0' ],
58 silly audit   'p-try': [ '1.0.0', '2.2.0' ],
58 silly audit   'parse-author': [ '2.0.0' ],
58 silly audit   'parse-cache-control': [ '1.0.1' ],
58 silly audit   'parse-json': [ '2.2.0' ],
58 silly audit   'parse-passwd': [ '1.0.0' ],
58 silly audit   'path-is-absolute': [ '1.0.1' ],
58 silly audit   'path-parse': [ '1.0.7' ],
58 silly audit   'path-type': [ '2.0.0' ],
58 silly audit   'pe-library': [ '1.0.1' ],
58 silly audit   pend: [ '1.2.0' ],
58 silly audit   picomatch: [ '2.3.1' ],
58 silly audit   pify: [ '2.3.0' ],
58 silly audit   'pkg-dir': [ '4.2.0' ],
58 silly audit   plist: [ '3.1.0' ],
58 silly audit   postject: [ '1.0.0-alpha.6' ],
58 silly audit   progress: [ '2.0.3' ],
58 silly audit   'promise-inflight': [ '1.0.1' ],
58 silly audit   'promise-retry': [ '2.0.1' ],
58 silly audit   pump: [ '3.0.0' ],
58 silly audit   punycode: [ '2.3.1' ],
58 silly audit   'queue-microtask': [ '1.2.3' ],
58 silly audit   'quick-lru': [ '5.1.1' ],
58 silly audit   'read-binary-file-arch': [ '1.0.6' ],
58 silly audit   'read-pkg': [ '2.0.0' ],
58 silly audit   'read-pkg-up': [ '2.0.0' ],
58 silly audit   'readable-stream': [ '3.6.2' ],
58 silly audit   rechoir: [ '0.8.0' ],
58 silly audit   'require-directory': [ '2.1.1' ],
58 silly audit   'require-from-string': [ '2.0.2' ],
58 silly audit   resedit: [ '2.0.2' ],
58 silly audit   resolve: [ '1.22.8' ],
58 silly audit   'resolve-alpn': [ '1.2.1' ],
58 silly audit   'resolve-dir': [ '1.0.1' ],
58 silly audit   'resolve-package': [ '1.0.1' ],
58 silly audit   responselike: [ '2.0.1' ],
58 silly audit   retry: [ '0.12.0' ],
58 silly audit   reusify: [ '1.0.4' ],
58 silly audit   rfdc: [ '1.4.1' ],
58 silly audit   rimraf: [ '3.0.2', '2.6.3' ],
58 silly audit   roarr: [ '2.15.4' ],
58 silly audit   'run-parallel': [ '1.2.0' ],
58 silly audit   'safe-buffer': [ '5.2.1' ],
58 silly audit   'safer-buffer': [ '2.1.2' ],
58 silly audit   'semver-compare': [ '1.0.0' ],
58 silly audit   'serialize-error': [ '7.0.1' ],
58 silly audit   'set-blocking': [ '2.0.0' ],
58 silly audit   'signal-exit': [ '3.0.7' ],
58 silly audit   'slice-ansi': [ '5.0.0' ],
58 silly audit   'smart-buffer': [ '4.2.0' ],
58 silly audit   socks: [ '2.8.3' ],
58 silly audit   'socks-proxy-agent': [ '7.0.0' ],
58 silly audit   'source-map': [ '0.6.1' ],
58 silly audit   'source-map-support': [ '0.5.21' ],
58 silly audit   'spdx-correct': [ '3.2.0' ],
58 silly audit   'spdx-exceptions': [ '2.5.0' ],
58 silly audit   'spdx-expression-parse': [ '3.0.1' ],
58 silly audit   'spdx-license-ids': [ '3.0.18' ],
58 silly audit   'sprintf-js': [ '1.1.3' ],
58 silly audit   ssri: [ '9.0.1' ],
58 silly audit   string_decoder: [ '1.3.0' ],
58 silly audit   'strip-bom': [ '3.0.0' ],
58 silly audit   'strip-eof': [ '1.0.0' ],
58 silly audit   'strip-outer': [ '1.0.1' ],
58 silly audit   'stubborn-fs': [ '1.2.5' ],
58 silly audit   'sudo-prompt': [ '9.2.1' ],
58 silly audit   sumchecker: [ '3.0.1' ],
58 silly audit   'supports-color': [ '7.2.0' ],
58 silly audit   'supports-preserve-symlinks-flag': [ '1.0.0' ],
58 silly audit   tar: [ '6.2.1' ],
58 silly audit   temp: [ '0.9.4' ],
58 silly audit   'tiny-each-async': [ '2.0.3' ],
58 silly audit   tmp: [ '0.2.3' ],
58 silly audit   'tmp-promise': [ '3.0.3' ],
58 silly audit   'to-regex-range': [ '5.0.1' ],
58 silly audit   tr46: [ '0.0.3' ],
58 silly audit   'trim-repeated': [ '1.0.0' ],
58 silly audit   typedarray: [ '0.0.6' ],
58 silly audit   'uint8array-extras': [ '0.3.0' ],
58 silly audit   'undici-types': [ '5.26.5' ],
58 silly audit   'unique-filename': [ '2.0.1' ],
58 silly audit   'unique-slug': [ '3.0.0' ],
58 silly audit   'uri-js': [ '4.4.1' ],
58 silly audit   username: [ '5.1.0' ],
58 silly audit   'util-deprecate': [ '1.0.2' ],
58 silly audit   'validate-npm-package-license': [ '3.0.4' ],
58 silly audit   wcwidth: [ '1.0.1' ],
58 silly audit   'webidl-conversions': [ '3.0.1' ],
58 silly audit   'whatwg-url': [ '5.0.0' ],
58 silly audit   'when-exit': [ '2.1.2' ],
58 silly audit   'wide-align': [ '1.1.5' ],
58 silly audit   'word-wrap': [ '1.2.5' ],
58 silly audit   wrappy: [ '1.0.2' ],
58 silly audit   xmlbuilder: [ '15.1.1' ],
58 silly audit   y18n: [ '5.0.8' ],
58 silly audit   yallist: [ '4.0.0' ],
58 silly audit   'yarn-or-npm': [ '3.0.1' ],
58 silly audit   yauzl: [ '2.10.0' ],
58 silly audit   'yocto-queue': [ '0.1.0' ],
58 silly audit   micromatch: [ '4.0.8' ]
58 silly audit }
59 http cache micromatch@https://registry.npmjs.org/micromatch/-/micromatch-4.0.8.tgz 0ms (cache hit)
60 http cache cross-spawn@https://registry.npmjs.org/cross-spawn/-/cross-spawn-7.0.6.tgz 0ms (cache hit)
61 http cache cross-spawn@https://registry.npmjs.org/cross-spawn/-/cross-spawn-6.0.6.tgz 0ms (cache hit)
62 http cache cross-spawn@https://registry.npmjs.org/cross-spawn/-/cross-spawn-6.0.6.tgz 0ms (cache hit)
63 silly tarball no local data for micromatch@https://registry.npmjs.org/micromatch/-/micromatch-4.0.8.tgz. Extracting by manifest.
64 silly tarball no local data for cross-spawn@https://registry.npmjs.org/cross-spawn/-/cross-spawn-7.0.6.tgz. Extracting by manifest.
65 silly tarball no local data for cross-spawn@https://registry.npmjs.org/cross-spawn/-/cross-spawn-6.0.6.tgz. Extracting by manifest.
66 silly tarball no local data for cross-spawn@https://registry.npmjs.org/cross-spawn/-/cross-spawn-6.0.6.tgz. Extracting by manifest.
67 http fetch GET 200 https://registry.npmjs.org/cross-spawn/-/cross-spawn-6.0.6.tgz 149ms (cache miss)
68 http fetch GET 200 https://registry.npmjs.org/cross-spawn/-/cross-spawn-7.0.6.tgz 151ms (cache miss)
69 http fetch GET 200 https://registry.npmjs.org/cross-spawn/-/cross-spawn-6.0.6.tgz 150ms (cache miss)
70 http fetch GET 200 https://registry.npmjs.org/micromatch/-/micromatch-4.0.8.tgz 152ms (cache miss)
71 http fetch POST 200 https://registry.npmjs.org/-/npm/v1/security/advisories/bulk 283ms
72 silly audit report {}
73 silly CHANGE node_modules/yarn-or-npm/node_modules/cross-spawn
74 silly CHANGE node_modules/micromatch
75 silly CHANGE node_modules/execa/node_modules/cross-spawn
76 silly CHANGE node_modules/cross-spawn
77 verbose cwd /home/angelo/Downloads/GitHub/mpvpaperWallpaperUI
78 verbose os Linux 6.12.6-zen1-1-zen
79 verbose node v23.4.0
80 verbose npm  v11.0.0
81 verbose exit 0
82 info ok
